[NX v21.4.1 Daemon Server] - 2025-09-07T10:55:26.643Z - Started listening on: \\.\pipe\nx\C:\Users\justa\AppData\Local\Temp\4fdb7013ac78504497ff\d.sock
[NX v21.4.1 Daemon Server] - 2025-09-07T10:55:26.647Z - [WATCHER]: Subscribed to changes within: e:\monorepos\plantomart-monorepo (native)
[NX v21.4.1 Daemon Server] - 2025-09-07T10:55:26.659Z - Established a connection. Number of open connections: 1
[NX v21.4.1 Daemon Server] - 2025-09-07T10:55:26.662Z - Closed a connection. Number of open connections: 0
[NX v21.4.1 Daemon Server] - 2025-09-07T10:55:26.800Z - Time taken for 'loadSpecifiedNxPlugins' 7.196900000000028ms
Time for 'plugin worker 17476 code loading' 10.4942
Time for 'plugin worker 18896 code loading' 8.2909
Time for 'plugin worker 5244 code loading' 10.558099999999996
[NX v21.4.1 Daemon Server] - 2025-09-07T10:55:27.166Z - Time taken for 'Load Nx Plugin: E:\monorepos\plantomart-monorepo\node_modules\.pnpm\nx@21.4.1\node_modules\nx\src\plugins\project-json\build-nodes\project-json' 406.8860000000001ms
[NX v21.4.1 Daemon Server] - 2025-09-07T10:55:27.168Z - Time taken for 'Load Nx Plugin: E:\monorepos\plantomart-monorepo\node_modules\.pnpm\nx@21.4.1\node_modules\nx\src\plugins\package-json' 410.2744ms
[NX v21.4.1 Daemon Server] - 2025-09-07T10:55:27.242Z - [REQUEST]: Updated workspace context based on watched changes, recomputing project graph...
[NX v21.4.1 Daemon Server] - 2025-09-07T10:55:27.243Z - [REQUEST]: 
[NX v21.4.1 Daemon Server] - 2025-09-07T10:55:27.243Z - [REQUEST]: 
[NX v21.4.1 Daemon Server] - 2025-09-07T10:55:27.249Z - Time taken for 'loadDefaultNxPlugins' 487.78740000000005ms
Time for 'nx/core/project-json:createNodes' 0.7130000000000223
Time for 'nx/core/package-json:createNodes' 51.15340000000003
Time for 'nx/js/dependencies-and-lockfile:createNodes' 103.54020000000003
[NX v21.4.1 Daemon Server] - 2025-09-07T10:55:27.390Z - Time taken for 'build-project-configs' 122.2853ms
Time for 'build typescript dependencies' 36.4298
[NX v21.4.1 Daemon Server] - 2025-09-07T10:55:27.481Z - Wrote project graph cache to e:\monorepos\plantomart-monorepo\.nx\workspace-data\project-graph.json
[NX v21.4.1 Daemon Server] - 2025-09-07T10:55:27.481Z - [SYNC]: collect registered sync generators
[NX v21.4.1 Daemon Server] - 2025-09-07T10:55:27.482Z - Time taken for 'total execution time for createProjectGraph()' 86.68560000000002ms
